2024-07-26 18:05:36.480 --- thread_id="1" thread_name="main" thread_priority="5" --- [INFO] Sending request at: 18:05:36.475785200 with request body: {"description":"description","docId":"docId","docStatus":"docStatus","docType":"docType","importRequest":false,"ownerInn":"ownerInn","participantInn":"participantInn","producerInn":"producerInn","productionDate":"productionDate","productionType":"productionType","products":[{"certificateDocument":"certificateDocument","certificateDocumentDate":"certificateDocumentDate","certificateDocumentNumber":"certificateDocumentNumber","ownerInn":"ownerInn","producerInn":"producerInn","productionDate":"productionDate","tnvedCode":"tnvedCode","uitCode":"uitCode","uituCode":"uituCode"}],"regDate":"regDate","regNumber":"regNumber"}
2024-07-26 18:05:36.510 --- thread_id="1" thread_name="main" thread_priority="5" --- [ERROR] Exception was thrown while calling API, cause: 
java.net.ConnectException: null
	at java.net.http/jdk.internal.net.http.common.Utils.toConnectException(Utils.java:1055) ~[java.net.http:?]
	at java.net.http/jdk.internal.net.http.PlainHttpConnection.connectAsync(PlainHttpConnection.java:198) ~[java.net.http:?]
	at java.net.http/jdk.internal.net.http.AsyncSSLConnection.connectAsync(AsyncSSLConnection.java:56) ~[java.net.http:?]
	at java.net.http/jdk.internal.net.http.Http2Connection.createAsync(Http2Connection.java:378) ~[java.net.http:?]
	at java.net.http/jdk.internal.net.http.Http2ClientImpl.getConnectionFor(Http2ClientImpl.java:126) ~[java.net.http:?]
	at java.net.http/jdk.internal.net.http.ExchangeImpl.get(ExchangeImpl.java:93) ~[java.net.http:?]
	at java.net.http/jdk.internal.net.http.Exchange.establishExchange(Exchange.java:343) ~[java.net.http:?]
	at java.net.http/jdk.internal.net.http.Exchange.responseAsyncImpl0(Exchange.java:475) ~[java.net.http:?]
	at java.net.http/jdk.internal.net.http.Exchange.responseAsyncImpl(Exchange.java:380) ~[java.net.http:?]
	at java.net.http/jdk.internal.net.http.Exchange.responseAsync(Exchange.java:372) ~[java.net.http:?]
	at java.net.http/jdk.internal.net.http.MultiExchange.responseAsyncImpl(MultiExchange.java:408) ~[java.net.http:?]
	at java.net.http/jdk.internal.net.http.MultiExchange.lambda$responseAsyncImpl$7(MultiExchange.java:449) ~[java.net.http:?]
	at java.base/java.util.concurrent.CompletableFuture.uniHandle(CompletableFuture.java:934) ~[?:?]
	at java.base/java.util.concurrent.CompletableFuture.uniHandleStage(CompletableFuture.java:950) ~[?:?]
	at java.base/java.util.concurrent.CompletableFuture.handle(CompletableFuture.java:2340) ~[?:?]
	at java.net.http/jdk.internal.net.http.MultiExchange.responseAsyncImpl(MultiExchange.java:439) ~[java.net.http:?]
	at java.net.http/jdk.internal.net.http.MultiExchange.lambda$responseAsync0$2(MultiExchange.java:341) ~[java.net.http:?]
	at java.base/java.util.concurrent.CompletableFuture$UniCompose.tryFire(CompletableFuture.java:1150) ~[?:?]
	at java.base/java.util.concurrent.CompletableFuture.postComplete(CompletableFuture.java:510) ~[?:?]
	at java.base/java.util.concurrent.CompletableFuture$AsyncSupply.run(CompletableFuture.java:1773) ~[?:?]
	at java.net.http/jdk.internal.net.http.HttpClientImpl$DelegatingExecutor.execute(HttpClientImpl.java:157) ~[java.net.http:?]
	at java.base/java.util.concurrent.CompletableFuture.completeAsync(CompletableFuture.java:2673) ~[?:?]
	at java.net.http/jdk.internal.net.http.MultiExchange.responseAsync(MultiExchange.java:294) ~[java.net.http:?]
	at java.net.http/jdk.internal.net.http.HttpClientImpl.sendAsync(HttpClientImpl.java:654) ~[java.net.http:?]
	at java.net.http/jdk.internal.net.http.HttpClientImpl.send(HttpClientImpl.java:552) ~[java.net.http:?]
	at java.net.http/jdk.internal.net.http.HttpClientFacade.send(HttpClientFacade.java:123) ~[java.net.http:?]
	at org.crptapi.CrptApi.createDocument(CrptApi.java:107) [classes/:?]
	at org.crptapi.CrptApi.main(CrptApi.java:33) [classes/:?]
Caused by: java.nio.channels.UnresolvedAddressException
	at java.base/sun.nio.ch.Net.checkAddress(Net.java:149) ~[?:?]
	at java.base/sun.nio.ch.Net.checkAddress(Net.java:157) ~[?:?]
	at java.base/sun.nio.ch.SocketChannelImpl.checkRemote(SocketChannelImpl.java:816) ~[?:?]
	at java.base/sun.nio.ch.SocketChannelImpl.connect(SocketChannelImpl.java:839) ~[?:?]
	at java.net.http/jdk.internal.net.http.PlainHttpConnection.lambda$connectAsync$0(PlainHttpConnection.java:183) ~[java.net.http:?]
	at java.base/java.security.AccessController.doPrivileged(AccessController.java:569) ~[?:?]
	at java.net.http/jdk.internal.net.http.PlainHttpConnection.connectAsync(PlainHttpConnection.java:185) ~[java.net.http:?]
	... 26 more
